<?xml version="1.0" encoding="UTF-8"?>
<!-- Generated by org.testng.reporters.JUnitReportReporter -->
<testsuite skipped="0" hostname="shahika" name="test.ExamTest_2" tests="1" failures="0" timestamp="23 Jun 2020 06:41:03 GMT" time="13.982" errors="0">
  <testcase name="Validatethatasinglelistitemcouldberemoved" time="13.982" classname="test.ExamTest_2"/>
</testsuite> <!-- test.ExamTest_2 -->
