<?xml version="1.0" encoding="UTF-8"?>
<!-- Generated by org.testng.reporters.JUnitReportReporter -->
<testsuite skipped="0" hostname="shahika" name="test.ExamTest_5" tests="1" failures="0" timestamp="23 Jun 2020 19:33:43 GMT" time="34.997" errors="0">
  <testcase name="validusershouldbeabletologin" time="34.997" classname="test.ExamTest_5"/>
</testsuite> <!-- test.ExamTest_5 -->
