<?xml version="1.0" encoding="UTF-8"?>
<!-- Generated by org.testng.reporters.JUnitReportReporter -->
<testsuite skipped="0" hostname="shahika" name="test.ExamTest_7" tests="1" failures="0" timestamp="24 Jun 2020 04:08:49 GMT" time="16.889" errors="0">
  <testcase name="SetSkyBlueBackgroundbutton" time="16.889" classname="test.ExamTest_7"/>
</testsuite> <!-- test.ExamTest_7 -->
