<?xml version="1.0" encoding="UTF-8"?>
<!-- Generated by org.testng.reporters.JUnitReportReporter -->
<testsuite skipped="0" hostname="shahika" name="test.ExamTest_6" tests="1" failures="0" timestamp="23 Jun 2020 20:12:05 GMT" time="13.986" errors="0">
  <testcase name="ValidatewhenthetoggleallcheckboxisCHECKED" time="13.986" classname="test.ExamTest_6"/>
</testsuite> <!-- test.ExamTest_6 -->
