<?xml version="1.0" encoding="UTF-8"?>
<!-- Generated by org.testng.reporters.JUnitReportReporter -->
<testsuite skipped="0" hostname="shahika" name="test.LoginTest" tests="1" failures="0" timestamp="03 Jun 2020 17:39:51 GMT" time="33.727" errors="0">
  <testcase name="validusershouldbeabletologin" time="33.727" classname="test.LoginTest"/>
</testsuite> <!-- test.LoginTest -->
