<?xml version="1.0" encoding="UTF-8"?>
<!-- Generated by org.testng.reporters.JUnitReportReporter -->
<testsuite skipped="0" hostname="shahika" name="test.ExamTest_4" tests="1" failures="0" timestamp="23 Jun 2020 17:47:16 GMT" time="23.040" errors="0">
  <testcase name="validusershouldbeabletologin" time="23.040" classname="test.ExamTest_4"/>
</testsuite> <!-- test.ExamTest_4 -->
