<?xml version="1.0" encoding="UTF-8"?>
<!-- Generated by org.testng.reporters.JUnitReportReporter -->
<testsuite skipped="0" hostname="shahika" name="test.ExamTest_3" tests="1" failures="0" timestamp="23 Jun 2020 17:11:55 GMT" time="12.689" errors="0">
  <testcase name="Validatethatasinglelistitemcouldberemoved" time="12.689" classname="test.ExamTest_3"/>
</testsuite> <!-- test.ExamTest_3 -->
