<?xml version="1.0" encoding="UTF-8"?>
<!-- Generated by org.testng.reporters.JUnitReportReporter -->
<testsuite skipped="0" hostname="shahika" name="test.ExamTest_8" tests="1" failures="0" timestamp="24 Jun 2020 04:20:23 GMT" time="15.683" errors="0">
  <testcase name="SetSkyWhiteeBackgroundbutton" time="15.683" classname="test.ExamTest_8"/>
</testsuite> <!-- test.ExamTest_8 -->
